2024-02-07 16:07:59.479 [main] INFO  pages.ProfilePage - Страна выбрана
2024-02-07 16:08:10.218 [main] INFO  pages.ProfilePage - Город выбран
2024-02-07 16:08:10.340 [main] INFO  pages.ProfilePage - Выбран уровень английского
2024-02-07 16:08:10.403 [main] INFO  pages.ProfilePage - Готовность к переезду
2024-02-07 16:08:10.424 [main] INFO  pages.ProfilePage - Выбран формат работы
2024-02-07 16:08:10.744 [main] INFO  pages.ProfilePage - Добавлен 1 контакт
2024-02-07 16:08:11.076 [main] INFO  pages.ProfilePage - Добавлен 2 контакт
2024-02-07 16:08:11.263 [main] INFO  pages.ProfilePage - Добавлен пол
2024-02-07 16:08:47.207 [main] INFO  pages.ProfilePage - Сохранились
2024-02-09 18:23:12.280 [main] INFO  pages.ProfilePage - Страна выбрана
2024-02-09 18:23:23.042 [main] INFO  pages.ProfilePage - Город выбран
2024-02-09 18:25:40.032 [main] INFO  pages.ProfilePage - Страна выбрана
2024-02-09 18:25:50.755 [main] INFO  pages.ProfilePage - Город выбран
2024-02-09 18:25:50.856 [main] INFO  pages.ProfilePage - Выбран уровень английского
2024-02-09 18:25:50.909 [main] INFO  pages.ProfilePage - Готовность к переезду
2024-02-09 18:25:50.930 [main] INFO  pages.ProfilePage - Выбран формат работы
2024-02-09 18:27:53.723 [main] INFO  pages.ProfilePage - Страна выбрана
2024-02-09 18:28:04.452 [main] INFO  pages.ProfilePage - Город выбран
2024-02-09 18:28:04.548 [main] INFO  pages.ProfilePage - Выбран уровень английского
2024-02-09 18:28:04.604 [main] INFO  pages.ProfilePage - Готовность к переезду
2024-02-09 18:28:04.625 [main] INFO  pages.ProfilePage - Выбран формат работы
2024-02-09 18:39:47.489 [main] INFO  pages.ProfilePage - Страна выбрана
2024-02-09 18:39:58.214 [main] INFO  pages.ProfilePage - Город выбран
2024-02-09 18:42:29.322 [main] INFO  pages.ProfilePage - Страна выбрана
2024-02-09 18:42:40.097 [main] INFO  pages.ProfilePage - Город выбран
2024-02-09 18:42:40.200 [main] INFO  pages.ProfilePage - Выбран уровень английского
2024-02-09 18:42:40.256 [main] INFO  pages.ProfilePage - Готовность к переезду
2024-02-09 18:42:40.276 [main] INFO  pages.ProfilePage - Выбран формат работы
2024-02-09 18:50:12.213 [main] INFO  pages.ProfilePage - Страна выбрана
2024-02-09 18:50:22.959 [main] INFO  pages.ProfilePage - Город выбран
2024-02-09 18:50:23.066 [main] INFO  pages.ProfilePage - Выбран уровень английского
2024-02-09 18:50:23.124 [main] INFO  pages.ProfilePage - Готовность к переезду
2024-02-09 18:50:23.144 [main] INFO  pages.ProfilePage - Выбран формат работы
2024-02-09 18:50:23.447 [main] INFO  pages.ProfilePage - Добавлен 1 контакт
2024-02-09 18:50:23.767 [main] INFO  pages.ProfilePage - Добавлен 2 контакт
2024-02-09 18:50:23.926 [main] INFO  pages.ProfilePage - Добавлен пол
2024-02-10 15:31:03.356 [main] INFO  pages.ProfilePage - Страна выбрана
2024-02-10 15:31:14.080 [main] INFO  pages.ProfilePage - Город выбран
2024-02-10 15:31:14.188 [main] INFO  pages.ProfilePage - Выбран уровень английского
2024-02-10 15:31:14.250 [main] INFO  pages.ProfilePage - Готовность к переезду
2024-02-10 15:31:14.271 [main] INFO  pages.ProfilePage - Выбран формат работы
2024-02-10 15:31:14.623 [main] INFO  pages.ProfilePage - Добавлен 1 контакт
2024-02-10 15:31:14.923 [main] INFO  pages.ProfilePage - Добавлен 2 контакт
2024-02-10 15:31:15.145 [main] INFO  pages.ProfilePage - Добавлен пол
2024-02-10 15:31:57.870 [main] INFO  pages.ProfilePage - Сохранились
